{
  "RSpec": {
    "coverage": {
      "/home/tiago/Documents/projeto/rezise-photo-challenge-api/app/controllers/images_controller.rb": [
        null,
        null,
        1,
        1,
        0,
        null,
        null,
        1,
        0,
        null,
        0,
        0,
        null,
        null
      ],
      "/home/tiago/Documents/projeto/rezise-photo-challenge-api/app/controllers/application_controller.rb": [
        1,
        null
      ],
      "/home/tiago/Documents/projeto/rezise-photo-challenge-api/app/models/image.rb": [
        null,
        null,
        1,
        1,
        null,
        1,
        1,
        null,
        1,
        null,
        1,
        1,
        2,
        2,
        2,
        0,
        null,
        null,
        null,
        0,
        0,
        null,
        null,
        0,
        null,
        null,
        1,
        0,
        0,
        0,
        0,
        0,
        null,
        null,
        null,
        0,
        null,
        null,
        1,
        null,
        1,
        0,
        0,
        null,
        null,
        null,
        null,
        null,
        null,
        0,
        null,
        null,
        null
      ]
    },
    "timestamp": 1496852844
  }
}
